Determining if the pthread_create exist failed with the following output:
Change Dir: /home/xph3sle301v/Documents/project/projet_nao/basic_motion/build-mytc/CMakeFiles/CMakeTmp

Run Build Command:/usr/bin/make "cmTryCompileExec889574384/fast"
/usr/bin/make -f CMakeFiles/cmTryCompileExec889574384.dir/build.make CMakeFiles/cmTryCompileExec889574384.dir/build
make[1]: Entering directory `/home/xph3sle301v/Documents/project/projet_nao/basic_motion/build-mytc/CMakeFiles/CMakeTmp'
/usr/bin/cmake -E cmake_progress_report /home/xph3sle301v/Documents/project/projet_nao/basic_motion/build-mytc/CMakeFiles/CMakeTmp/CMakeFiles 1
Building C object CMakeFiles/cmTryCompileExec889574384.dir/CheckSymbolExists.c.o
/usr/bin/cc    -o CMakeFiles/cmTryCompileExec889574384.dir/CheckSymbolExists.c.o   -c /home/xph3sle301v/Documents/project/projet_nao/basic_motion/build-mytc/CMakeFiles/CMakeTmp/CheckSymbolExists.c
Linking C executable cmTryCompileExec889574384
/usr/bin/cmake -E cmake_link_script CMakeFiles/cmTryCompileExec889574384.dir/link.txt --verbose=1
/usr/bin/cc       CMakeFiles/cmTryCompileExec889574384.dir/CheckSymbolExists.c.o  -o cmTryCompileExec889574384 -rdynamic 
CMakeFiles/cmTryCompileExec889574384.dir/CheckSymbolExists.c.o: In function `main':
CheckSymbolExists.c:(.text+0x16): undefined reference to `pthread_create'
collect2: error: ld returned 1 exit status
make[1]: Leaving directory `/home/xph3sle301v/Documents/project/projet_nao/basic_motion/build-mytc/CMakeFiles/CMakeTmp'
make[1]: *** [cmTryCompileExec889574384] Error 1
make: *** [cmTryCompileExec889574384/fast] Error 2

File /home/xph3sle301v/Documents/project/projet_nao/basic_motion/build-mytc/CMakeFiles/CMakeTmp/CheckSymbolExists.c:
/* */
#include <pthread.h>

int main(int argc, char** argv)
{
  (void)argv;
#ifndef pthread_create
  return ((int*)(&pthread_create))[argc];
#else
  (void)argc;
  return 0;
#endif
}

Determining if the function pthread_create exists in the pthreads failed with the following output:
Change Dir: /home/xph3sle301v/Documents/project/projet_nao/basic_motion/build-mytc/CMakeFiles/CMakeTmp

Run Build Command:/usr/bin/make "cmTryCompileExec2996832830/fast"
/usr/bin/make -f CMakeFiles/cmTryCompileExec2996832830.dir/build.make CMakeFiles/cmTryCompileExec2996832830.dir/build
make[1]: Entering directory `/home/xph3sle301v/Documents/project/projet_nao/basic_motion/build-mytc/CMakeFiles/CMakeTmp'
/usr/bin/cmake -E cmake_progress_report /home/xph3sle301v/Documents/project/projet_nao/basic_motion/build-mytc/CMakeFiles/CMakeTmp/CMakeFiles 1
Building C object CMakeFiles/cmTryCompileExec2996832830.dir/CheckFunctionExists.c.o
/usr/bin/cc   -DCHECK_FUNCTION_EXISTS=pthread_create   -o CMakeFiles/cmTryCompileExec2996832830.dir/CheckFunctionExists.c.o   -c /usr/share/cmake-2.8/Modules/CheckFunctionExists.c
Linking C executable cmTryCompileExec2996832830
/usr/bin/cmake -E cmake_link_script CMakeFiles/cmTryCompileExec2996832830.dir/link.txt --verbose=1
/usr/bin/cc   -DCHECK_FUNCTION_EXISTS=pthread_create    CMakeFiles/cmTryCompileExec2996832830.dir/CheckFunctionExists.c.o  -o cmTryCompileExec2996832830 -rdynamic -lpthreads 
/usr/bin/ld: cannot find -lpthreads
collect2: error: ld returned 1 exit status
make[1]: Leaving directory `/home/xph3sle301v/Documents/project/projet_nao/basic_motion/build-mytc/CMakeFiles/CMakeTmp'
make[1]: *** [cmTryCompileExec2996832830] Error 1
make: *** [cmTryCompileExec2996832830/fast] Error 2


